2022-12-13 09:38:00,010 [MainThread  ] [INFO ]  Wrote [{'measurement': 'project', 'tags': {'project_name': 'd'}, 'time': None, 'fields': {'project_id': 4}}] to bucket gitlab_test
2022-12-13 09:38:00,022 [MainThread  ] [INFO ]  Wrote [{'measurement': 'project', 'tags': {'project_name': 'c'}, 'time': None, 'fields': {'project_id': 3}}] to bucket gitlab_test
2022-12-13 09:38:00,032 [MainThread  ] [INFO ]  Wrote [{'measurement': 'project', 'tags': {'project_name': 'b'}, 'time': None, 'fields': {'project_id': 2}}] to bucket gitlab_test
2022-12-13 09:38:00,044 [MainThread  ] [INFO ]  Wrote [{'measurement': 'project', 'tags': {'project_name': 'a'}, 'time': None, 'fields': {'project_id': 1}}] to bucket gitlab_test
2022-12-13 09:38:00,306 [MainThread  ] [INFO ]  Wrote [{'measurement': 'branch', 'tags': {'project_id': 4, 'project_name': 'd', 'key': '4_dev'}, 'time': None, 'fields': {'branch': 'dev'}}] to bucket gitlab_test
2022-12-13 09:38:00,317 [MainThread  ] [INFO ]  Wrote [{'measurement': 'branch', 'tags': {'project_id': 4, 'project_name': 'd', 'key': '4_master'}, 'time': None, 'fields': {'branch': 'master'}}] to bucket gitlab_test
2022-12-13 09:38:00,948 [MainThread  ] [INFO ]  Wrote [{'measurement': 'branch', 'tags': {'project_id': 3, 'project_name': 'c', 'key': '3_dev'}, 'time': None, 'fields': {'branch': 'dev'}}] to bucket gitlab_test
2022-12-13 09:38:00,970 [MainThread  ] [INFO ]  Wrote [{'measurement': 'branch', 'tags': {'project_id': 3, 'project_name': 'c', 'key': '3_master'}, 'time': None, 'fields': {'branch': 'master'}}] to bucket gitlab_test
2022-12-13 09:38:00,981 [MainThread  ] [INFO ]  Wrote [{'measurement': 'branch', 'tags': {'project_id': 3, 'project_name': 'c', 'key': '3_test'}, 'time': None, 'fields': {'branch': 'test'}}] to bucket gitlab_test
2022-12-13 09:38:01,522 [MainThread  ] [INFO ]  Wrote [{'measurement': 'branch', 'tags': {'project_id': 2, 'project_name': 'b', 'key': '2_develop'}, 'time': None, 'fields': {'branch': 'develop'}}] to bucket gitlab_test
2022-12-13 09:38:01,533 [MainThread  ] [INFO ]  Wrote [{'measurement': 'branch', 'tags': {'project_id': 2, 'project_name': 'b', 'key': '2_master'}, 'time': None, 'fields': {'branch': 'master'}}] to bucket gitlab_test
2022-12-13 09:38:01,721 [MainThread  ] [INFO ]  Wrote [{'measurement': 'branch', 'tags': {'project_id': 1, 'project_name': 'a', 'key': '1_develop'}, 'time': None, 'fields': {'branch': 'develop'}}] to bucket gitlab_test
2022-12-13 09:38:01,729 [MainThread  ] [INFO ]  Wrote [{'measurement': 'branch', 'tags': {'project_id': 1, 'project_name': 'a', 'key': '1_feature1'}, 'time': None, 'fields': {'branch': 'feature1'}}] to bucket gitlab_test
2022-12-13 09:38:01,742 [MainThread  ] [INFO ]  Wrote [{'measurement': 'branch', 'tags': {'project_id': 1, 'project_name': 'a', 'key': '1_master'}, 'time': None, 'fields': {'branch': 'master'}}] to bucket gitlab_test
2022-12-13 09:38:02,279 [MainThread  ] [INFO ]  Wrote [{'measurement': 'mrs', 'tags': {'project_id': 4, 'project_name': 'd', 'target_branch': 'master', 'source_branch': 'dev', 'key': '4_6'}, 'time': '2022-11-22T03:55:01.828Z', 'fields': {'mrs_id': 6, 'mrs_title': 'WIP: Dev', 'state': 'opened'}}] to bucket gitlab_test
2022-12-13 09:38:02,419 [MainThread  ] [INFO ]  Wrote [{'measurement': 'mrs', 'tags': {'project_id': 3, 'project_name': 'c', 'target_branch': 'master', 'source_branch': 'test', 'key': '3_9'}, 'time': '2022-12-05T02:20:00.142Z', 'fields': {'mrs_id': 9, 'mrs_title': 'Test', 'state': 'merged'}}] to bucket gitlab_test
2022-12-13 09:38:02,426 [MainThread  ] [INFO ]  Wrote [{'measurement': 'mrs', 'tags': {'project_id': 3, 'project_name': 'c', 'target_branch': 'master', 'source_branch': 'test', 'key': '3_8'}, 'time': '2022-12-05T02:17:05.583Z', 'fields': {'mrs_id': 8, 'mrs_title': 'Update README.md', 'state': 'closed'}}] to bucket gitlab_test
2022-12-13 09:38:02,437 [MainThread  ] [INFO ]  Wrote [{'measurement': 'mrs', 'tags': {'project_id': 3, 'project_name': 'c', 'target_branch': 'master', 'source_branch': 'dev', 'key': '3_7'}, 'time': '2022-11-22T03:58:10.697Z', 'fields': {'mrs_id': 7, 'mrs_title': 'WIP: Dev', 'state': 'opened'}}] to bucket gitlab_test
2022-12-13 09:38:02,723 [MainThread  ] [INFO ]  Wrote [{'measurement': 'mrs', 'tags': {'project_id': 2, 'project_name': 'b', 'target_branch': 'master', 'source_branch': 'develop', 'key': '2_5'}, 'time': '2022-11-22T03:53:25.667Z', 'fields': {'mrs_id': 5, 'mrs_title': 'add foo.txt', 'state': 'opened'}}] to bucket gitlab_test
2022-12-13 09:38:02,750 [MainThread  ] [INFO ]  Wrote [{'measurement': 'mrs', 'tags': {'project_id': 2, 'project_name': 'b', 'target_branch': 'master', 'source_branch': 'develop', 'key': '2_4'}, 'time': '2022-11-22T03:53:03.110Z', 'fields': {'mrs_id': 4, 'mrs_title': 'add foo.txt', 'state': 'closed'}}] to bucket gitlab_test
2022-12-13 09:38:02,826 [MainThread  ] [INFO ]  Wrote [{'measurement': 'mrs', 'tags': {'project_id': 1, 'project_name': 'a', 'target_branch': 'master', 'source_branch': 'develop', 'key': '1_3'}, 'time': '2022-11-22T03:52:06.404Z', 'fields': {'mrs_id': 3, 'mrs_title': 'WIP: Develop', 'state': 'opened'}}] to bucket gitlab_test
2022-12-13 09:38:03,005 [MainThread  ] [INFO ]  Wrote [{'measurement': 'issue', 'tags': {'project_id': 4, 'project_name': 'd', 'key': '4_11'}, 'time': '2022-11-22T03:54:00.533Z', 'fields': {'issue_id': 11, 'issue_title': 'is2', 'issue_state': 'closed'}}] to bucket gitlab_test
2022-12-13 09:38:03,012 [MainThread  ] [INFO ]  Wrote [{'measurement': 'issue', 'tags': {'project_id': 4, 'project_name': 'd', 'key': '4_10'}, 'time': '2022-11-22T03:53:52.828Z', 'fields': {'issue_id': 10, 'issue_title': 'is1', 'issue_state': 'opened'}}] to bucket gitlab_test
2022-12-13 09:38:03,021 [MainThread  ] [INFO ]  Wrote [{'measurement': 'issue', 'tags': {'project_id': 4, 'project_name': 'd', 'key': '4_9'}, 'time': '2022-11-22T03:53:46.309Z', 'fields': {'issue_id': 9, 'issue_title': 'is', 'issue_state': 'opened'}}] to bucket gitlab_test
2022-12-13 09:38:03,458 [MainThread  ] [INFO ]  Wrote [{'measurement': 'issue', 'tags': {'project_id': 3, 'project_name': 'c', 'key': '3_13'}, 'time': '2022-12-05T02:04:13.318Z', 'fields': {'issue_id': 13, 'issue_title': 'issue 2', 'issue_state': 'opened'}}] to bucket gitlab_test
2022-12-13 09:38:03,467 [MainThread  ] [INFO ]  Wrote [{'measurement': 'issue', 'tags': {'project_id': 3, 'project_name': 'c', 'key': '3_12'}, 'time': '2022-11-22T03:55:25.688Z', 'fields': {'issue_id': 12, 'issue_title': 'is1', 'issue_state': 'opened'}}] to bucket gitlab_test
2022-12-13 09:38:03,544 [MainThread  ] [INFO ]  Wrote [{'measurement': 'issue', 'tags': {'project_id': 2, 'project_name': 'b', 'key': '2_8'}, 'time': '2022-11-22T03:52:52.327Z', 'fields': {'issue_id': 8, 'issue_title': 'is 4', 'issue_state': 'opened'}}] to bucket gitlab_test
2022-12-13 09:38:03,560 [MainThread  ] [INFO ]  Wrote [{'measurement': 'issue', 'tags': {'project_id': 2, 'project_name': 'b', 'key': '2_7'}, 'time': '2022-11-22T03:52:41.413Z', 'fields': {'issue_id': 7, 'issue_title': 'is 3', 'issue_state': 'opened'}}] to bucket gitlab_test
2022-12-13 09:38:03,570 [MainThread  ] [INFO ]  Wrote [{'measurement': 'issue', 'tags': {'project_id': 2, 'project_name': 'b', 'key': '2_5'}, 'time': '2022-11-14T08:53:29.735Z', 'fields': {'issue_id': 5, 'issue_title': 'issue 1', 'issue_state': 'opened'}}] to bucket gitlab_test
2022-12-13 09:38:03,579 [MainThread  ] [INFO ]  Wrote [{'measurement': 'issue', 'tags': {'project_id': 2, 'project_name': 'b', 'key': '2_4'}, 'time': '2022-11-14T08:53:15.308Z', 'fields': {'issue_id': 4, 'issue_title': 'new issue', 'issue_state': 'opened'}}] to bucket gitlab_test
2022-12-13 09:38:03,749 [MainThread  ] [INFO ]  Wrote [{'measurement': 'issue', 'tags': {'project_id': 1, 'project_name': 'a', 'key': '1_6'}, 'time': '2022-11-22T03:52:21.076Z', 'fields': {'issue_id': 6, 'issue_title': 'is 4', 'issue_state': 'opened'}}] to bucket gitlab_test
2022-12-13 09:38:03,758 [MainThread  ] [INFO ]  Wrote [{'measurement': 'issue', 'tags': {'project_id': 1, 'project_name': 'a', 'key': '1_3'}, 'time': '2022-11-14T03:04:53.029Z', 'fields': {'issue_id': 3, 'issue_title': 'issue3', 'issue_state': 'opened'}}] to bucket gitlab_test
2022-12-13 09:38:03,865 [MainThread  ] [INFO ]  Wrote [{'measurement': 'commit', 'tags': {'project_id': 4, 'project_name': 'd', 'author_email': 'admin@example.com', 'key': '4_c1d900b7'}, 'time': '2022-11-09T07:50:17.000Z', 'fields': {'commit_id': 'c1d900b7', 'commit_title': 'Add new file'}}] to bucket gitlab_test
2022-12-13 09:38:03,930 [MainThread  ] [INFO ]  Wrote [{'measurement': 'commit', 'tags': {'project_id': 3, 'project_name': 'c', 'author_email': 'admin@example.com', 'key': '3_7a951652'}, 'time': '2022-12-05T02:20:13.000Z', 'fields': {'commit_id': '7a951652', 'commit_title': "Merge branch 'test' into 'master'"}}] to bucket gitlab_test
2022-12-13 09:38:03,942 [MainThread  ] [INFO ]  Wrote [{'measurement': 'commit', 'tags': {'project_id': 3, 'project_name': 'c', 'author_email': 'admin@example.com', 'key': '3_d4bcd5ea'}, 'time': '2022-12-05T02:19:51.000Z', 'fields': {'commit_id': 'd4bcd5ea', 'commit_title': 'Add new file'}}] to bucket gitlab_test
2022-12-13 09:38:03,951 [MainThread  ] [INFO ]  Wrote [{'measurement': 'commit', 'tags': {'project_id': 3, 'project_name': 'c', 'author_email': 'admin@example.com', 'key': '3_55b7d049'}, 'time': '2022-12-05T02:16:37.000Z', 'fields': {'commit_id': '55b7d049', 'commit_title': 'Update README.md'}}] to bucket gitlab_test
2022-12-13 09:38:03,958 [MainThread  ] [INFO ]  Wrote [{'measurement': 'commit', 'tags': {'project_id': 3, 'project_name': 'c', 'author_email': 'admin@example.com', 'key': '3_ca829c54'}, 'time': '2022-12-05T02:01:25.000Z', 'fields': {'commit_id': 'ca829c54', 'commit_title': 'Update README.md'}}] to bucket gitlab_test
2022-12-13 09:38:03,968 [MainThread  ] [INFO ]  Wrote [{'measurement': 'commit', 'tags': {'project_id': 3, 'project_name': 'c', 'author_email': 'admin@example.com', 'key': '3_64972748'}, 'time': '2022-11-22T03:55:45.000Z', 'fields': {'commit_id': '64972748', 'commit_title': 'Add README.md'}}] to bucket gitlab_test
2022-12-13 09:38:04,033 [MainThread  ] [INFO ]  Wrote [{'measurement': 'commit', 'tags': {'project_id': 2, 'project_name': 'b', 'author_email': 'caolv@biplus.com.vn', 'key': '2_be0a11f1'}, 'time': '2022-11-28T04:32:35.000Z', 'fields': {'commit_id': 'be0a11f1', 'commit_title': '.'}}] to bucket gitlab_test
2022-12-13 09:38:04,043 [MainThread  ] [INFO ]  Wrote [{'measurement': 'commit', 'tags': {'project_id': 2, 'project_name': 'b', 'author_email': 'caolv@biplus.com.vn', 'key': '2_92e5251f'}, 'time': '2022-11-28T04:32:25.000Z', 'fields': {'commit_id': '92e5251f', 'commit_title': '.'}}] to bucket gitlab_test
2022-12-13 09:38:04,055 [MainThread  ] [INFO ]  Wrote [{'measurement': 'commit', 'tags': {'project_id': 2, 'project_name': 'b', 'author_email': 'caolv@biplus.com.vn', 'key': '2_32143e59'}, 'time': '2022-11-28T04:32:11.000Z', 'fields': {'commit_id': '32143e59', 'commit_title': '.'}}] to bucket gitlab_test
2022-12-13 09:38:04,066 [MainThread  ] [INFO ]  Wrote [{'measurement': 'commit', 'tags': {'project_id': 2, 'project_name': 'b', 'author_email': 'caolv@biplus.com.vn', 'key': '2_77238997'}, 'time': '2022-11-14T08:54:00.000Z', 'fields': {'commit_id': '77238997', 'commit_title': 'add log'}}] to bucket gitlab_test
2022-12-13 09:38:04,077 [MainThread  ] [INFO ]  Wrote [{'measurement': 'commit', 'tags': {'project_id': 2, 'project_name': 'b', 'author_email': 'caolv@gmail.com', 'key': '2_1d759fd0'}, 'time': '2022-11-09T03:56:24.000Z', 'fields': {'commit_id': '1d759fd0', 'commit_title': 'Add new file'}}] to bucket gitlab_test
2022-12-13 09:38:04,148 [MainThread  ] [INFO ]  Wrote [{'measurement': 'commit', 'tags': {'project_id': 1, 'project_name': 'a', 'author_email': 'caolv@biplus.com.vn', 'key': '1_177b6fe1'}, 'time': '2022-11-11T02:54:10.000Z', 'fields': {'commit_id': '177b6fe1', 'commit_title': 'commit2'}}] to bucket gitlab_test
2022-12-13 09:38:04,160 [MainThread  ] [INFO ]  Wrote [{'measurement': 'commit', 'tags': {'project_id': 1, 'project_name': 'a', 'author_email': 'caolv@biplus.com.vn', 'key': '1_06450ae3'}, 'time': '2022-11-11T02:42:12.000Z', 'fields': {'commit_id': '06450ae3', 'commit_title': 'commit'}}] to bucket gitlab_test
2022-12-13 09:38:04,172 [MainThread  ] [INFO ]  Wrote [{'measurement': 'commit', 'tags': {'project_id': 1, 'project_name': 'a', 'author_email': 'caolv@biplus.com.vn', 'key': '1_53edc3a4'}, 'time': '2022-11-11T02:38:39.000Z', 'fields': {'commit_id': '53edc3a4', 'commit_title': 'init'}}] to bucket gitlab_test
2022-12-13 09:38:04,182 [MainThread  ] [INFO ]  Wrote [{'measurement': 'commit', 'tags': {'project_id': 1, 'project_name': 'a', 'author_email': 'caolv@biplus.com.vn', 'key': '1_b109c779'}, 'time': '2022-11-10T01:29:54.000Z', 'fields': {'commit_id': 'b109c779', 'commit_title': 'init'}}] to bucket gitlab_test
2022-12-13 09:38:04,193 [MainThread  ] [INFO ]  Wrote [{'measurement': 'commit', 'tags': {'project_id': 1, 'project_name': 'a', 'author_email': 'caolv@biplus.com.vn', 'key': '1_7b4e0917'}, 'time': '2022-11-10T01:29:49.000Z', 'fields': {'commit_id': '7b4e0917', 'commit_title': 'init'}}] to bucket gitlab_test
2022-12-13 09:38:04,202 [MainThread  ] [INFO ]  Wrote [{'measurement': 'commit', 'tags': {'project_id': 1, 'project_name': 'a', 'author_email': 'caolv@biplus.com.vn', 'key': '1_ad25c157'}, 'time': '2022-11-10T01:29:39.000Z', 'fields': {'commit_id': 'ad25c157', 'commit_title': 'init'}}] to bucket gitlab_test
2022-12-13 09:38:04,213 [MainThread  ] [INFO ]  Wrote [{'measurement': 'commit', 'tags': {'project_id': 1, 'project_name': 'a', 'author_email': 'caolv@biplus.com.vn', 'key': '1_0fab7cbb'}, 'time': '2022-11-09T03:48:35.000Z', 'fields': {'commit_id': '0fab7cbb', 'commit_title': 'init'}}] to bucket gitlab_test
2022-12-13 09:38:04,674 [MainThread  ] [INFO ]  Wrote [{'measurement': 'statistics', 'tags': {'project_id': 4, 'project_name': 'd'}, 'time': 1670899084, 'fields': {'storage_size': 41943, 'repository_size': 41943, 'lfs_objects_size': 0, 'job_artifacts_size': 0}}] to bucket gitlab_test
2022-12-13 09:38:04,755 [MainThread  ] [INFO ]  Wrote [{'measurement': 'statistics', 'tags': {'project_id': 3, 'project_name': 'c'}, 'time': 1670899084, 'fields': {'storage_size': 73400, 'repository_size': 73400, 'lfs_objects_size': 0, 'job_artifacts_size': 0}}] to bucket gitlab_test
2022-12-13 09:38:04,838 [MainThread  ] [INFO ]  Wrote [{'measurement': 'statistics', 'tags': {'project_id': 2, 'project_name': 'b'}, 'time': 1670899084, 'fields': {'storage_size': 125829, 'repository_size': 125829, 'lfs_objects_size': 0, 'job_artifacts_size': 0}}] to bucket gitlab_test
2022-12-13 09:38:04,927 [MainThread  ] [INFO ]  Wrote [{'measurement': 'statistics', 'tags': {'project_id': 1, 'project_name': 'a'}, 'time': 1670899084, 'fields': {'storage_size': 220200, 'repository_size': 220200, 'lfs_objects_size': 0, 'job_artifacts_size': 0}}] to bucket gitlab_test
2022-12-13 09:38:04,927 [MainThread  ] [INFO ]  Import finished in: 0:00:08.003410
