2022-11-28 10:32:33,027 [MainThread  ] [INFO ]  Wrote [{'measurement': 'mrs', 'tags': {'project_id': 4, 'project_name': 'd', 'target_branch': 'master', 'source_branch': 'dev'}, 'time': '2022-11-22T03:55:01.828Z', 'fields': {'mrs_id': 6, 'mrs_title': 'WIP: Dev', 'state': 'opened'}}] to bucket gitlab
2022-11-28 10:32:33,112 [MainThread  ] [INFO ]  Wrote [{'measurement': 'mrs', 'tags': {'project_id': 3, 'project_name': 'c', 'target_branch': 'master', 'source_branch': 'dev'}, 'time': '2022-11-22T03:58:10.697Z', 'fields': {'mrs_id': 7, 'mrs_title': 'WIP: Dev', 'state': 'opened'}}] to bucket gitlab
2022-11-28 10:32:33,628 [MainThread  ] [INFO ]  Wrote [{'measurement': 'mrs', 'tags': {'project_id': 2, 'project_name': 'b', 'target_branch': 'master', 'source_branch': 'develop'}, 'time': '2022-11-22T03:53:25.667Z', 'fields': {'mrs_id': 5, 'mrs_title': 'add foo.txt', 'state': 'opened'}}] to bucket gitlab
2022-11-28 10:32:33,639 [MainThread  ] [INFO ]  Wrote [{'measurement': 'mrs', 'tags': {'project_id': 2, 'project_name': 'b', 'target_branch': 'master', 'source_branch': 'develop'}, 'time': '2022-11-22T03:53:03.110Z', 'fields': {'mrs_id': 4, 'mrs_title': 'add foo.txt', 'state': 'closed'}}] to bucket gitlab
2022-11-28 10:32:33,760 [MainThread  ] [INFO ]  Wrote [{'measurement': 'mrs', 'tags': {'project_id': 1, 'project_name': 'a', 'target_branch': 'master', 'source_branch': 'develop'}, 'time': '2022-11-22T03:52:06.404Z', 'fields': {'mrs_id': 3, 'mrs_title': 'WIP: Develop', 'state': 'opened'}}] to bucket gitlab
2022-11-28 10:32:33,797 [MainThread  ] [INFO ]  Wrote [{'measurement': 'mrs', 'tags': {'project_id': 1, 'project_name': 'a', 'target_branch': 'develop', 'source_branch': 'feature1'}, 'time': '2022-11-09T09:55:46.974Z', 'fields': {'mrs_id': 2, 'mrs_title': 'WIP: Feature1', 'state': 'closed'}}] to bucket gitlab
2022-11-28 10:32:33,811 [MainThread  ] [INFO ]  Wrote [{'measurement': 'mrs', 'tags': {'project_id': 1, 'project_name': 'a', 'target_branch': 'master', 'source_branch': 'feature1'}, 'time': '2022-11-09T03:54:15.158Z', 'fields': {'mrs_id': 1, 'mrs_title': 'WIP: Feature1', 'state': 'opened'}}] to bucket gitlab
2022-11-28 10:32:34,030 [MainThread  ] [INFO ]  Wrote [{'measurement': 'issue', 'tags': {'project_id': 4, 'project_name': 'd'}, 'time': '2022-11-22T03:54:00.533Z', 'fields': {'issue_id': 11, 'issue_title': 'is2', 'issue_state': 'closed'}}] to bucket gitlab
2022-11-28 10:32:34,041 [MainThread  ] [INFO ]  Wrote [{'measurement': 'issue', 'tags': {'project_id': 4, 'project_name': 'd'}, 'time': '2022-11-22T03:53:52.828Z', 'fields': {'issue_id': 10, 'issue_title': 'is1', 'issue_state': 'opened'}}] to bucket gitlab
2022-11-28 10:32:34,052 [MainThread  ] [INFO ]  Wrote [{'measurement': 'issue', 'tags': {'project_id': 4, 'project_name': 'd'}, 'time': '2022-11-22T03:53:46.309Z', 'fields': {'issue_id': 9, 'issue_title': 'is', 'issue_state': 'opened'}}] to bucket gitlab
2022-11-28 10:32:34,172 [MainThread  ] [INFO ]  Wrote [{'measurement': 'issue', 'tags': {'project_id': 3, 'project_name': 'c'}, 'time': '2022-11-22T03:55:25.688Z', 'fields': {'issue_id': 12, 'issue_title': 'is1', 'issue_state': 'opened'}}] to bucket gitlab
2022-11-28 10:32:34,286 [MainThread  ] [INFO ]  Wrote [{'measurement': 'issue', 'tags': {'project_id': 2, 'project_name': 'b'}, 'time': '2022-11-22T03:52:52.327Z', 'fields': {'issue_id': 8, 'issue_title': 'is 4', 'issue_state': 'opened'}}] to bucket gitlab
2022-11-28 10:32:34,294 [MainThread  ] [INFO ]  Wrote [{'measurement': 'issue', 'tags': {'project_id': 2, 'project_name': 'b'}, 'time': '2022-11-22T03:52:41.413Z', 'fields': {'issue_id': 7, 'issue_title': 'is 3', 'issue_state': 'opened'}}] to bucket gitlab
2022-11-28 10:32:34,325 [MainThread  ] [INFO ]  Wrote [{'measurement': 'issue', 'tags': {'project_id': 2, 'project_name': 'b'}, 'time': '2022-11-14T08:53:29.735Z', 'fields': {'issue_id': 5, 'issue_title': 'issue 1', 'issue_state': 'opened'}}] to bucket gitlab
2022-11-28 10:32:34,335 [MainThread  ] [INFO ]  Wrote [{'measurement': 'issue', 'tags': {'project_id': 2, 'project_name': 'b'}, 'time': '2022-11-14T08:53:15.308Z', 'fields': {'issue_id': 4, 'issue_title': 'new issue', 'issue_state': 'opened'}}] to bucket gitlab
2022-11-28 10:32:34,531 [MainThread  ] [INFO ]  Wrote [{'measurement': 'issue', 'tags': {'project_id': 1, 'project_name': 'a'}, 'time': '2022-11-22T03:52:21.076Z', 'fields': {'issue_id': 6, 'issue_title': 'is 4', 'issue_state': 'opened'}}] to bucket gitlab
2022-11-28 10:32:34,541 [MainThread  ] [INFO ]  Wrote [{'measurement': 'issue', 'tags': {'project_id': 1, 'project_name': 'a'}, 'time': '2022-11-14T03:04:53.029Z', 'fields': {'issue_id': 3, 'issue_title': 'issue3', 'issue_state': 'opened'}}] to bucket gitlab
2022-11-28 10:32:34,555 [MainThread  ] [INFO ]  Wrote [{'measurement': 'issue', 'tags': {'project_id': 1, 'project_name': 'a'}, 'time': '2022-11-09T10:28:02.674Z', 'fields': {'issue_id': 2, 'issue_title': 'issue 2', 'issue_state': 'opened'}}] to bucket gitlab
2022-11-28 10:32:34,564 [MainThread  ] [INFO ]  Wrote [{'measurement': 'issue', 'tags': {'project_id': 1, 'project_name': 'a'}, 'time': '2022-11-09T03:54:31.930Z', 'fields': {'issue_id': 1, 'issue_title': 'aaaa', 'issue_state': 'opened'}}] to bucket gitlab
2022-11-28 10:32:34,858 [MainThread  ] [INFO ]  Wrote [{'measurement': 'commit', 'tags': {'project_id': 4, 'project_name': 'd', 'author_email': 'admin@example.com'}, 'time': '2022-11-09T07:50:17.000Z', 'fields': {'commit_id': 'c1d900b7', 'commit_title': 'Add new file'}}] to bucket gitlab
2022-11-28 10:32:35,064 [MainThread  ] [INFO ]  Wrote [{'measurement': 'commit', 'tags': {'project_id': 3, 'project_name': 'c', 'author_email': 'admin@example.com'}, 'time': '2022-11-22T03:55:45.000Z', 'fields': {'commit_id': '64972748', 'commit_title': 'Add README.md'}}] to bucket gitlab
2022-11-28 10:32:35,174 [MainThread  ] [INFO ]  Wrote [{'measurement': 'commit', 'tags': {'project_id': 2, 'project_name': 'b', 'author_email': 'caolv@biplus.com.vn'}, 'time': '2022-11-14T08:54:00.000Z', 'fields': {'commit_id': '77238997', 'commit_title': 'add log'}}] to bucket gitlab
2022-11-28 10:32:35,188 [MainThread  ] [INFO ]  Wrote [{'measurement': 'commit', 'tags': {'project_id': 2, 'project_name': 'b', 'author_email': 'caolv@gmail.com'}, 'time': '2022-11-09T03:56:24.000Z', 'fields': {'commit_id': '1d759fd0', 'commit_title': 'Add new file'}}] to bucket gitlab
2022-11-28 10:32:35,318 [MainThread  ] [INFO ]  Wrote [{'measurement': 'commit', 'tags': {'project_id': 1, 'project_name': 'a', 'author_email': 'caolv@biplus.com.vn'}, 'time': '2022-11-11T02:54:10.000Z', 'fields': {'commit_id': '177b6fe1', 'commit_title': 'commit2'}}] to bucket gitlab
2022-11-28 10:32:35,344 [MainThread  ] [INFO ]  Wrote [{'measurement': 'commit', 'tags': {'project_id': 1, 'project_name': 'a', 'author_email': 'caolv@biplus.com.vn'}, 'time': '2022-11-11T02:42:12.000Z', 'fields': {'commit_id': '06450ae3', 'commit_title': 'commit'}}] to bucket gitlab
2022-11-28 10:32:35,356 [MainThread  ] [INFO ]  Wrote [{'measurement': 'commit', 'tags': {'project_id': 1, 'project_name': 'a', 'author_email': 'caolv@biplus.com.vn'}, 'time': '2022-11-11T02:38:39.000Z', 'fields': {'commit_id': '53edc3a4', 'commit_title': 'init'}}] to bucket gitlab
2022-11-28 10:32:35,366 [MainThread  ] [INFO ]  Wrote [{'measurement': 'commit', 'tags': {'project_id': 1, 'project_name': 'a', 'author_email': 'caolv@biplus.com.vn'}, 'time': '2022-11-10T01:29:54.000Z', 'fields': {'commit_id': 'b109c779', 'commit_title': 'init'}}] to bucket gitlab
2022-11-28 10:32:35,393 [MainThread  ] [INFO ]  Wrote [{'measurement': 'commit', 'tags': {'project_id': 1, 'project_name': 'a', 'author_email': 'caolv@biplus.com.vn'}, 'time': '2022-11-10T01:29:49.000Z', 'fields': {'commit_id': '7b4e0917', 'commit_title': 'init'}}] to bucket gitlab
2022-11-28 10:32:35,411 [MainThread  ] [INFO ]  Wrote [{'measurement': 'commit', 'tags': {'project_id': 1, 'project_name': 'a', 'author_email': 'caolv@biplus.com.vn'}, 'time': '2022-11-10T01:29:39.000Z', 'fields': {'commit_id': 'ad25c157', 'commit_title': 'init'}}] to bucket gitlab
2022-11-28 10:32:35,423 [MainThread  ] [INFO ]  Wrote [{'measurement': 'commit', 'tags': {'project_id': 1, 'project_name': 'a', 'author_email': 'caolv@biplus.com.vn'}, 'time': '2022-11-09T03:48:35.000Z', 'fields': {'commit_id': '0fab7cbb', 'commit_title': 'init'}}] to bucket gitlab
2022-11-28 10:32:36,445 [MainThread  ] [INFO ]  Wrote [{'measurement': 'statistics', 'tags': {'project_id': 4, 'project_name': 'd'}, 'time': 1669606356, 'fields': {'storage_size': 41943, 'repository_size': 41943, 'lfs_objects_size': 0, 'job_artifacts_size': 0}}] to bucket gitlab
2022-11-28 10:32:36,917 [MainThread  ] [INFO ]  Wrote [{'measurement': 'statistics', 'tags': {'project_id': 3, 'project_name': 'c'}, 'time': 1669606356, 'fields': {'storage_size': 41943, 'repository_size': 41943, 'lfs_objects_size': 0, 'job_artifacts_size': 0}}] to bucket gitlab
2022-11-28 10:32:36,993 [MainThread  ] [INFO ]  Wrote [{'measurement': 'statistics', 'tags': {'project_id': 2, 'project_name': 'b'}, 'time': 1669606356, 'fields': {'storage_size': 52428, 'repository_size': 52428, 'lfs_objects_size': 0, 'job_artifacts_size': 0}}] to bucket gitlab
2022-11-28 10:32:37,137 [MainThread  ] [INFO ]  Wrote [{'measurement': 'statistics', 'tags': {'project_id': 1, 'project_name': 'a'}, 'time': 1669606357, 'fields': {'storage_size': 220200, 'repository_size': 220200, 'lfs_objects_size': 0, 'job_artifacts_size': 0}}] to bucket gitlab
2022-11-28 10:32:37,138 [MainThread  ] [INFO ]  Import finished in: 0:00:04.701361
