2022-11-28 11:37:17,014 [MainThread  ] [INFO ]  Wrote [{'measurement': 'mrs', 'tags': {'project_id': 4, 'project_name': 'd', 'target_branch': 'master', 'source_branch': 'dev', 'key': '4_6'}, 'time': '2022-11-22T03:55:01.828Z', 'fields': {'mrs_id': 6, 'mrs_title': 'WIP: Dev', 'state': 'opened'}}] to bucket gitlab
2022-11-28 11:37:17,107 [MainThread  ] [INFO ]  Wrote [{'measurement': 'mrs', 'tags': {'project_id': 3, 'project_name': 'c', 'target_branch': 'master', 'source_branch': 'dev', 'key': '3_7'}, 'time': '2022-11-22T03:58:10.697Z', 'fields': {'mrs_id': 7, 'mrs_title': 'WIP: Dev', 'state': 'opened'}}] to bucket gitlab
2022-11-28 11:37:17,271 [MainThread  ] [INFO ]  Wrote [{'measurement': 'mrs', 'tags': {'project_id': 2, 'project_name': 'b', 'target_branch': 'master', 'source_branch': 'develop', 'key': '2_5'}, 'time': '2022-11-22T03:53:25.667Z', 'fields': {'mrs_id': 5, 'mrs_title': 'add foo.txt', 'state': 'opened'}}] to bucket gitlab
2022-11-28 11:37:17,282 [MainThread  ] [INFO ]  Wrote [{'measurement': 'mrs', 'tags': {'project_id': 2, 'project_name': 'b', 'target_branch': 'master', 'source_branch': 'develop', 'key': '2_4'}, 'time': '2022-11-22T03:53:03.110Z', 'fields': {'mrs_id': 4, 'mrs_title': 'add foo.txt', 'state': 'closed'}}] to bucket gitlab
2022-11-28 11:37:17,361 [MainThread  ] [INFO ]  Wrote [{'measurement': 'mrs', 'tags': {'project_id': 1, 'project_name': 'a', 'target_branch': 'master', 'source_branch': 'develop', 'key': '1_3'}, 'time': '2022-11-22T03:52:06.404Z', 'fields': {'mrs_id': 3, 'mrs_title': 'WIP: Develop', 'state': 'opened'}}] to bucket gitlab
2022-11-28 11:37:17,370 [MainThread  ] [INFO ]  Wrote [{'measurement': 'mrs', 'tags': {'project_id': 1, 'project_name': 'a', 'target_branch': 'develop', 'source_branch': 'feature1', 'key': '1_2'}, 'time': '2022-11-09T09:55:46.974Z', 'fields': {'mrs_id': 2, 'mrs_title': 'WIP: Feature1', 'state': 'closed'}}] to bucket gitlab
2022-11-28 11:37:17,384 [MainThread  ] [INFO ]  Wrote [{'measurement': 'mrs', 'tags': {'project_id': 1, 'project_name': 'a', 'target_branch': 'master', 'source_branch': 'feature1', 'key': '1_1'}, 'time': '2022-11-09T03:54:15.158Z', 'fields': {'mrs_id': 1, 'mrs_title': 'WIP: Feature1', 'state': 'opened'}}] to bucket gitlab
2022-11-28 11:37:17,492 [MainThread  ] [INFO ]  Wrote [{'measurement': 'issue', 'tags': {'project_id': 4, 'project_name': 'd', 'key': '4_11'}, 'time': '2022-11-22T03:54:00.533Z', 'fields': {'issue_id': 11, 'issue_title': 'is2', 'issue_state': 'closed'}}] to bucket gitlab
2022-11-28 11:37:17,503 [MainThread  ] [INFO ]  Wrote [{'measurement': 'issue', 'tags': {'project_id': 4, 'project_name': 'd', 'key': '4_10'}, 'time': '2022-11-22T03:53:52.828Z', 'fields': {'issue_id': 10, 'issue_title': 'is1', 'issue_state': 'opened'}}] to bucket gitlab
2022-11-28 11:37:17,521 [MainThread  ] [INFO ]  Wrote [{'measurement': 'issue', 'tags': {'project_id': 4, 'project_name': 'd', 'key': '4_9'}, 'time': '2022-11-22T03:53:46.309Z', 'fields': {'issue_id': 9, 'issue_title': 'is', 'issue_state': 'opened'}}] to bucket gitlab
2022-11-28 11:37:17,715 [MainThread  ] [INFO ]  Wrote [{'measurement': 'issue', 'tags': {'project_id': 3, 'project_name': 'c', 'key': '3_12'}, 'time': '2022-11-22T03:55:25.688Z', 'fields': {'issue_id': 12, 'issue_title': 'is1', 'issue_state': 'opened'}}] to bucket gitlab
2022-11-28 11:37:17,795 [MainThread  ] [INFO ]  Wrote [{'measurement': 'issue', 'tags': {'project_id': 2, 'project_name': 'b', 'key': '2_8'}, 'time': '2022-11-22T03:52:52.327Z', 'fields': {'issue_id': 8, 'issue_title': 'is 4', 'issue_state': 'opened'}}] to bucket gitlab
2022-11-28 11:37:17,812 [MainThread  ] [INFO ]  Wrote [{'measurement': 'issue', 'tags': {'project_id': 2, 'project_name': 'b', 'key': '2_7'}, 'time': '2022-11-22T03:52:41.413Z', 'fields': {'issue_id': 7, 'issue_title': 'is 3', 'issue_state': 'opened'}}] to bucket gitlab
2022-11-28 11:37:17,838 [MainThread  ] [INFO ]  Wrote [{'measurement': 'issue', 'tags': {'project_id': 2, 'project_name': 'b', 'key': '2_5'}, 'time': '2022-11-14T08:53:29.735Z', 'fields': {'issue_id': 5, 'issue_title': 'issue 1', 'issue_state': 'opened'}}] to bucket gitlab
2022-11-28 11:37:17,855 [MainThread  ] [INFO ]  Wrote [{'measurement': 'issue', 'tags': {'project_id': 2, 'project_name': 'b', 'key': '2_4'}, 'time': '2022-11-14T08:53:15.308Z', 'fields': {'issue_id': 4, 'issue_title': 'new issue', 'issue_state': 'opened'}}] to bucket gitlab
2022-11-28 11:37:17,942 [MainThread  ] [INFO ]  Wrote [{'measurement': 'issue', 'tags': {'project_id': 1, 'project_name': 'a', 'key': '1_6'}, 'time': '2022-11-22T03:52:21.076Z', 'fields': {'issue_id': 6, 'issue_title': 'is 4', 'issue_state': 'opened'}}] to bucket gitlab
2022-11-28 11:37:17,958 [MainThread  ] [INFO ]  Wrote [{'measurement': 'issue', 'tags': {'project_id': 1, 'project_name': 'a', 'key': '1_3'}, 'time': '2022-11-14T03:04:53.029Z', 'fields': {'issue_id': 3, 'issue_title': 'issue3', 'issue_state': 'opened'}}] to bucket gitlab
2022-11-28 11:37:17,969 [MainThread  ] [INFO ]  Wrote [{'measurement': 'issue', 'tags': {'project_id': 1, 'project_name': 'a', 'key': '1_2'}, 'time': '2022-11-09T10:28:02.674Z', 'fields': {'issue_id': 2, 'issue_title': 'issue 2', 'issue_state': 'opened'}}] to bucket gitlab
2022-11-28 11:37:17,997 [MainThread  ] [INFO ]  Wrote [{'measurement': 'issue', 'tags': {'project_id': 1, 'project_name': 'a', 'key': '1_1'}, 'time': '2022-11-09T03:54:31.930Z', 'fields': {'issue_id': 1, 'issue_title': 'aaaa', 'issue_state': 'opened'}}] to bucket gitlab
2022-11-28 11:37:18,084 [MainThread  ] [INFO ]  Wrote [{'measurement': 'commit', 'tags': {'project_id': 4, 'project_name': 'd', 'author_email': 'admin@example.com', 'key': '4_c1d900b7'}, 'time': '2022-11-09T07:50:17.000Z', 'fields': {'commit_id': 'c1d900b7', 'commit_title': 'Add new file'}}] to bucket gitlab
2022-11-28 11:37:18,192 [MainThread  ] [INFO ]  Wrote [{'measurement': 'commit', 'tags': {'project_id': 3, 'project_name': 'c', 'author_email': 'admin@example.com', 'key': '3_64972748'}, 'time': '2022-11-22T03:55:45.000Z', 'fields': {'commit_id': '64972748', 'commit_title': 'Add README.md'}}] to bucket gitlab
2022-11-28 11:37:18,379 [MainThread  ] [INFO ]  Wrote [{'measurement': 'commit', 'tags': {'project_id': 2, 'project_name': 'b', 'author_email': 'caolv@biplus.com.vn', 'key': '2_be0a11f1'}, 'time': '2022-11-28T04:32:35.000Z', 'fields': {'commit_id': 'be0a11f1', 'commit_title': '.'}}] to bucket gitlab
2022-11-28 11:37:18,390 [MainThread  ] [INFO ]  Wrote [{'measurement': 'commit', 'tags': {'project_id': 2, 'project_name': 'b', 'author_email': 'caolv@biplus.com.vn', 'key': '2_92e5251f'}, 'time': '2022-11-28T04:32:25.000Z', 'fields': {'commit_id': '92e5251f', 'commit_title': '.'}}] to bucket gitlab
2022-11-28 11:37:18,420 [MainThread  ] [INFO ]  Wrote [{'measurement': 'commit', 'tags': {'project_id': 2, 'project_name': 'b', 'author_email': 'caolv@biplus.com.vn', 'key': '2_32143e59'}, 'time': '2022-11-28T04:32:11.000Z', 'fields': {'commit_id': '32143e59', 'commit_title': '.'}}] to bucket gitlab
2022-11-28 11:37:18,431 [MainThread  ] [INFO ]  Wrote [{'measurement': 'commit', 'tags': {'project_id': 2, 'project_name': 'b', 'author_email': 'caolv@biplus.com.vn', 'key': '2_77238997'}, 'time': '2022-11-14T08:54:00.000Z', 'fields': {'commit_id': '77238997', 'commit_title': 'add log'}}] to bucket gitlab
2022-11-28 11:37:18,442 [MainThread  ] [INFO ]  Wrote [{'measurement': 'commit', 'tags': {'project_id': 2, 'project_name': 'b', 'author_email': 'caolv@gmail.com', 'key': '2_1d759fd0'}, 'time': '2022-11-09T03:56:24.000Z', 'fields': {'commit_id': '1d759fd0', 'commit_title': 'Add new file'}}] to bucket gitlab
2022-11-28 11:37:18,572 [MainThread  ] [INFO ]  Wrote [{'measurement': 'commit', 'tags': {'project_id': 1, 'project_name': 'a', 'author_email': 'caolv@biplus.com.vn', 'key': '1_177b6fe1'}, 'time': '2022-11-11T02:54:10.000Z', 'fields': {'commit_id': '177b6fe1', 'commit_title': 'commit2'}}] to bucket gitlab
2022-11-28 11:37:18,595 [MainThread  ] [INFO ]  Wrote [{'measurement': 'commit', 'tags': {'project_id': 1, 'project_name': 'a', 'author_email': 'caolv@biplus.com.vn', 'key': '1_06450ae3'}, 'time': '2022-11-11T02:42:12.000Z', 'fields': {'commit_id': '06450ae3', 'commit_title': 'commit'}}] to bucket gitlab
2022-11-28 11:37:18,604 [MainThread  ] [INFO ]  Wrote [{'measurement': 'commit', 'tags': {'project_id': 1, 'project_name': 'a', 'author_email': 'caolv@biplus.com.vn', 'key': '1_53edc3a4'}, 'time': '2022-11-11T02:38:39.000Z', 'fields': {'commit_id': '53edc3a4', 'commit_title': 'init'}}] to bucket gitlab
2022-11-28 11:37:18,635 [MainThread  ] [INFO ]  Wrote [{'measurement': 'commit', 'tags': {'project_id': 1, 'project_name': 'a', 'author_email': 'caolv@biplus.com.vn', 'key': '1_b109c779'}, 'time': '2022-11-10T01:29:54.000Z', 'fields': {'commit_id': 'b109c779', 'commit_title': 'init'}}] to bucket gitlab
2022-11-28 11:37:18,648 [MainThread  ] [INFO ]  Wrote [{'measurement': 'commit', 'tags': {'project_id': 1, 'project_name': 'a', 'author_email': 'caolv@biplus.com.vn', 'key': '1_7b4e0917'}, 'time': '2022-11-10T01:29:49.000Z', 'fields': {'commit_id': '7b4e0917', 'commit_title': 'init'}}] to bucket gitlab
2022-11-28 11:37:18,664 [MainThread  ] [INFO ]  Wrote [{'measurement': 'commit', 'tags': {'project_id': 1, 'project_name': 'a', 'author_email': 'caolv@biplus.com.vn', 'key': '1_ad25c157'}, 'time': '2022-11-10T01:29:39.000Z', 'fields': {'commit_id': 'ad25c157', 'commit_title': 'init'}}] to bucket gitlab
2022-11-28 11:37:18,675 [MainThread  ] [INFO ]  Wrote [{'measurement': 'commit', 'tags': {'project_id': 1, 'project_name': 'a', 'author_email': 'caolv@biplus.com.vn', 'key': '1_0fab7cbb'}, 'time': '2022-11-09T03:48:35.000Z', 'fields': {'commit_id': '0fab7cbb', 'commit_title': 'init'}}] to bucket gitlab
2022-11-28 11:37:18,753 [MainThread  ] [INFO ]  Wrote [{'measurement': 'statistics', 'tags': {'project_id': 4, 'project_name': 'd'}, 'time': 1669610238, 'fields': {'storage_size': 41943, 'repository_size': 41943, 'lfs_objects_size': 0, 'job_artifacts_size': 0}}] to bucket gitlab
2022-11-28 11:37:19,108 [MainThread  ] [INFO ]  Wrote [{'measurement': 'statistics', 'tags': {'project_id': 3, 'project_name': 'c'}, 'time': 1669610239, 'fields': {'storage_size': 41943, 'repository_size': 41943, 'lfs_objects_size': 0, 'job_artifacts_size': 0}}] to bucket gitlab
2022-11-28 11:37:19,195 [MainThread  ] [INFO ]  Wrote [{'measurement': 'statistics', 'tags': {'project_id': 2, 'project_name': 'b'}, 'time': 1669610239, 'fields': {'storage_size': 125829, 'repository_size': 125829, 'lfs_objects_size': 0, 'job_artifacts_size': 0}}] to bucket gitlab
2022-11-28 11:37:19,686 [MainThread  ] [INFO ]  Wrote [{'measurement': 'statistics', 'tags': {'project_id': 1, 'project_name': 'a'}, 'time': 1669610239, 'fields': {'storage_size': 220200, 'repository_size': 220200, 'lfs_objects_size': 0, 'job_artifacts_size': 0}}] to bucket gitlab
2022-11-28 11:37:19,686 [MainThread  ] [INFO ]  Import finished in: 0:00:02.763159
