2022-11-21 15:07:32,669 [MainThread  ] [INFO ]  Writer: flushing data...
2022-11-21 15:07:32,670 [MainThread  ] [INFO ]  Writer: closed
2022-11-21 15:07:32,671 [MainThread  ] [INFO ]  Wrote [{'measurement': 4, 'tags': {'project_name': 'd', 'commit_id': 'c1d900b706be2c560f959ae5ab84285d1b84efc7', 'commit_title': 'Add new file', 'created_at': '2022-11-09T07:50:17.000Z', 'author_email': 'admin@example.com'}, 'time': 1669018052, 'fields': {'commit_id': 'c1d900b7'}}] to bucket gitlab
2022-11-21 15:07:32,882 [MainThread  ] [INFO ]  Writer: flushing data...
2022-11-21 15:07:32,883 [MainThread  ] [INFO ]  Writer: closed
2022-11-21 15:07:32,885 [MainThread  ] [INFO ]  Wrote [{'measurement': 2, 'tags': {'project_name': 'b', 'commit_id': '772389976e843b0442d4575bb192ffbcc1a12dc0', 'commit_title': 'add log', 'created_at': '2022-11-14T08:54:00.000Z', 'author_email': 'caolv@biplus.com.vn'}, 'time': 1669018052, 'fields': {'commit_id': '77238997'}}] to bucket gitlab
2022-11-21 15:07:32,968 [MainThread  ] [INFO ]  Writer: flushing data...
2022-11-21 15:07:32,970 [MainThread  ] [INFO ]  Writer: closed
2022-11-21 15:07:32,971 [MainThread  ] [INFO ]  Wrote [{'measurement': 2, 'tags': {'project_name': 'b', 'commit_id': '1d759fd0d2ddfc0643c8037f394edfb8005e47f2', 'commit_title': 'Add new file', 'created_at': '2022-11-09T03:56:24.000Z', 'author_email': 'caolv@gmail.com'}, 'time': 1669018052, 'fields': {'commit_id': '1d759fd0'}}] to bucket gitlab
2022-11-21 15:07:33,098 [MainThread  ] [INFO ]  Writer: flushing data...
2022-11-21 15:07:33,099 [MainThread  ] [INFO ]  Writer: closed
2022-11-21 15:07:33,100 [MainThread  ] [INFO ]  Wrote [{'measurement': 1, 'tags': {'project_name': 'a', 'commit_id': '177b6fe18d73282701fc2eecf24eb6bddeb9f778', 'commit_title': 'commit2', 'created_at': '2022-11-11T02:54:10.000Z', 'author_email': 'caolv@biplus.com.vn'}, 'time': 1669018053, 'fields': {'commit_id': '177b6fe1'}}] to bucket gitlab
2022-11-21 15:07:33,213 [MainThread  ] [INFO ]  Writer: flushing data...
2022-11-21 15:07:33,215 [MainThread  ] [INFO ]  Writer: closed
2022-11-21 15:07:33,216 [MainThread  ] [INFO ]  Wrote [{'measurement': 1, 'tags': {'project_name': 'a', 'commit_id': '06450ae3fedd1a30d414d4299b01e46d70a5f2bd', 'commit_title': 'commit', 'created_at': '2022-11-11T02:42:12.000Z', 'author_email': 'caolv@biplus.com.vn'}, 'time': 1669018053, 'fields': {'commit_id': '06450ae3'}}] to bucket gitlab
2022-11-21 15:07:33,295 [MainThread  ] [INFO ]  Writer: flushing data...
2022-11-21 15:07:33,297 [MainThread  ] [INFO ]  Writer: closed
2022-11-21 15:07:33,298 [MainThread  ] [INFO ]  Wrote [{'measurement': 1, 'tags': {'project_name': 'a', 'commit_id': '53edc3a48cc2749dda2d66fcafcd25e2642e596b', 'commit_title': 'init', 'created_at': '2022-11-11T02:38:39.000Z', 'author_email': 'caolv@biplus.com.vn'}, 'time': 1669018053, 'fields': {'commit_id': '53edc3a4'}}] to bucket gitlab
2022-11-21 15:07:33,380 [MainThread  ] [INFO ]  Writer: flushing data...
2022-11-21 15:07:33,381 [MainThread  ] [INFO ]  Writer: closed
2022-11-21 15:07:33,383 [MainThread  ] [INFO ]  Wrote [{'measurement': 1, 'tags': {'project_name': 'a', 'commit_id': 'b109c77910be614a996ef52abdf283beb8bf172e', 'commit_title': 'init', 'created_at': '2022-11-10T01:29:54.000Z', 'author_email': 'caolv@biplus.com.vn'}, 'time': 1669018053, 'fields': {'commit_id': 'b109c779'}}] to bucket gitlab
2022-11-21 15:07:33,507 [MainThread  ] [INFO ]  Writer: flushing data...
2022-11-21 15:07:33,510 [MainThread  ] [INFO ]  Writer: closed
2022-11-21 15:07:33,512 [MainThread  ] [INFO ]  Wrote [{'measurement': 1, 'tags': {'project_name': 'a', 'commit_id': '7b4e0917ab45441fda4c7394cde25d8f6dd5b678', 'commit_title': 'init', 'created_at': '2022-11-10T01:29:49.000Z', 'author_email': 'caolv@biplus.com.vn'}, 'time': 1669018053, 'fields': {'commit_id': '7b4e0917'}}] to bucket gitlab
2022-11-21 15:07:33,663 [MainThread  ] [INFO ]  Writer: flushing data...
2022-11-21 15:07:33,664 [MainThread  ] [INFO ]  Writer: closed
2022-11-21 15:07:33,665 [MainThread  ] [INFO ]  Wrote [{'measurement': 1, 'tags': {'project_name': 'a', 'commit_id': 'ad25c1577ba9021956c9e6857f52379c7de442a1', 'commit_title': 'init', 'created_at': '2022-11-10T01:29:39.000Z', 'author_email': 'caolv@biplus.com.vn'}, 'time': 1669018053, 'fields': {'commit_id': 'ad25c157'}}] to bucket gitlab
2022-11-21 15:07:33,824 [MainThread  ] [INFO ]  Writer: flushing data...
2022-11-21 15:07:33,825 [MainThread  ] [INFO ]  Writer: closed
2022-11-21 15:07:33,826 [MainThread  ] [INFO ]  Wrote [{'measurement': 1, 'tags': {'project_name': 'a', 'commit_id': '0fab7cbbe9ae573fef27b0a5e34d3e5cdd469060', 'commit_title': 'init', 'created_at': '2022-11-09T03:48:35.000Z', 'author_email': 'caolv@biplus.com.vn'}, 'time': 1669018053, 'fields': {'commit_id': '0fab7cbb'}}] to bucket gitlab
2022-11-21 15:07:34,090 [MainThread  ] [INFO ]  Writer: flushing data...
2022-11-21 15:07:34,091 [MainThread  ] [INFO ]  Writer: closed
2022-11-21 15:07:34,092 [MainThread  ] [INFO ]  Wrote [{'measurement': 4, 'tags': {'commit_count': 1, 'storage_size': 41943, 'repository_size': 41943, 'lfs_objects_size': 0, 'job_artifacts_size': 0}, 'time': 1669018053, 'fields': {'project_id': 4}}] to bucket gitlab
2022-11-21 15:07:34,335 [MainThread  ] [INFO ]  Writer: flushing data...
2022-11-21 15:07:34,336 [MainThread  ] [INFO ]  Writer: closed
2022-11-21 15:07:34,338 [MainThread  ] [INFO ]  Wrote [{'measurement': 3, 'tags': {'commit_count': 0, 'storage_size': 0, 'repository_size': 0, 'lfs_objects_size': 0, 'job_artifacts_size': 0}, 'time': 1669018054, 'fields': {'project_id': 3}}] to bucket gitlab
2022-11-21 15:07:34,474 [MainThread  ] [INFO ]  Writer: flushing data...
2022-11-21 15:07:34,476 [MainThread  ] [INFO ]  Writer: closed
2022-11-21 15:07:34,477 [MainThread  ] [INFO ]  Wrote [{'measurement': 2, 'tags': {'commit_count': 2, 'storage_size': 52428, 'repository_size': 52428, 'lfs_objects_size': 0, 'job_artifacts_size': 0}, 'time': 1669018054, 'fields': {'project_id': 2}}] to bucket gitlab
2022-11-21 15:07:34,619 [MainThread  ] [INFO ]  Writer: flushing data...
2022-11-21 15:07:34,620 [MainThread  ] [INFO ]  Writer: closed
2022-11-21 15:07:34,621 [MainThread  ] [INFO ]  Wrote [{'measurement': 1, 'tags': {'commit_count': 5, 'storage_size': 220200, 'repository_size': 220200, 'lfs_objects_size': 0, 'job_artifacts_size': 0}, 'time': 1669018054, 'fields': {'project_id': 1}}] to bucket gitlab
