2022-11-21 15:05:52,280 [MainThread  ] [INFO ]  Writer: flushing data...
2022-11-21 15:05:52,281 [MainThread  ] [INFO ]  Writer: closed
2022-11-21 15:05:52,282 [MainThread  ] [INFO ]  Wrote [{'measurement': 4, 'tags': {'project_name': 'd', 'commit_id': 'c1d900b706be2c560f959ae5ab84285d1b84efc7', 'commit_title': 'Add new file', 'created_at': '2022-11-09T07:50:17.000Z', 'author_email': 'admin@example.com'}, 'time': 1669017952, 'fields': {'commit_id': 'c1d900b7'}}] to bucket gitlab
2022-11-21 15:05:52,444 [MainThread  ] [INFO ]  Writer: flushing data...
2022-11-21 15:05:52,445 [MainThread  ] [INFO ]  Writer: closed
2022-11-21 15:05:52,446 [MainThread  ] [INFO ]  Wrote [{'measurement': 2, 'tags': {'project_name': 'b', 'commit_id': '772389976e843b0442d4575bb192ffbcc1a12dc0', 'commit_title': 'add log', 'created_at': '2022-11-14T08:54:00.000Z', 'author_email': 'caolv@biplus.com.vn'}, 'time': 1669017952, 'fields': {'commit_id': '77238997'}}] to bucket gitlab
2022-11-21 15:05:52,536 [MainThread  ] [INFO ]  Writer: flushing data...
2022-11-21 15:05:52,538 [MainThread  ] [INFO ]  Writer: closed
2022-11-21 15:05:52,539 [MainThread  ] [INFO ]  Wrote [{'measurement': 2, 'tags': {'project_name': 'b', 'commit_id': '1d759fd0d2ddfc0643c8037f394edfb8005e47f2', 'commit_title': 'Add new file', 'created_at': '2022-11-09T03:56:24.000Z', 'author_email': 'caolv@gmail.com'}, 'time': 1669017952, 'fields': {'commit_id': '1d759fd0'}}] to bucket gitlab
2022-11-21 15:05:52,687 [MainThread  ] [INFO ]  Writer: flushing data...
2022-11-21 15:05:52,688 [MainThread  ] [INFO ]  Writer: closed
2022-11-21 15:05:52,690 [MainThread  ] [INFO ]  Wrote [{'measurement': 1, 'tags': {'project_name': 'a', 'commit_id': '177b6fe18d73282701fc2eecf24eb6bddeb9f778', 'commit_title': 'commit2', 'created_at': '2022-11-11T02:54:10.000Z', 'author_email': 'caolv@biplus.com.vn'}, 'time': 1669017952, 'fields': {'commit_id': '177b6fe1'}}] to bucket gitlab
2022-11-21 15:05:52,774 [MainThread  ] [INFO ]  Writer: flushing data...
2022-11-21 15:05:52,775 [MainThread  ] [INFO ]  Writer: closed
2022-11-21 15:05:52,776 [MainThread  ] [INFO ]  Wrote [{'measurement': 1, 'tags': {'project_name': 'a', 'commit_id': '06450ae3fedd1a30d414d4299b01e46d70a5f2bd', 'commit_title': 'commit', 'created_at': '2022-11-11T02:42:12.000Z', 'author_email': 'caolv@biplus.com.vn'}, 'time': 1669017952, 'fields': {'commit_id': '06450ae3'}}] to bucket gitlab
2022-11-21 15:05:52,875 [MainThread  ] [INFO ]  Writer: flushing data...
2022-11-21 15:05:52,877 [MainThread  ] [INFO ]  Writer: closed
2022-11-21 15:05:52,878 [MainThread  ] [INFO ]  Wrote [{'measurement': 1, 'tags': {'project_name': 'a', 'commit_id': '53edc3a48cc2749dda2d66fcafcd25e2642e596b', 'commit_title': 'init', 'created_at': '2022-11-11T02:38:39.000Z', 'author_email': 'caolv@biplus.com.vn'}, 'time': 1669017952, 'fields': {'commit_id': '53edc3a4'}}] to bucket gitlab
2022-11-21 15:05:52,974 [MainThread  ] [INFO ]  Writer: flushing data...
2022-11-21 15:05:52,976 [MainThread  ] [INFO ]  Writer: closed
2022-11-21 15:05:52,977 [MainThread  ] [INFO ]  Wrote [{'measurement': 1, 'tags': {'project_name': 'a', 'commit_id': 'b109c77910be614a996ef52abdf283beb8bf172e', 'commit_title': 'init', 'created_at': '2022-11-10T01:29:54.000Z', 'author_email': 'caolv@biplus.com.vn'}, 'time': 1669017952, 'fields': {'commit_id': 'b109c779'}}] to bucket gitlab
2022-11-21 15:05:53,070 [MainThread  ] [INFO ]  Writer: flushing data...
2022-11-21 15:05:53,071 [MainThread  ] [INFO ]  Writer: closed
2022-11-21 15:05:53,072 [MainThread  ] [INFO ]  Wrote [{'measurement': 1, 'tags': {'project_name': 'a', 'commit_id': '7b4e0917ab45441fda4c7394cde25d8f6dd5b678', 'commit_title': 'init', 'created_at': '2022-11-10T01:29:49.000Z', 'author_email': 'caolv@biplus.com.vn'}, 'time': 1669017952, 'fields': {'commit_id': '7b4e0917'}}] to bucket gitlab
2022-11-21 15:05:53,146 [MainThread  ] [INFO ]  Writer: flushing data...
2022-11-21 15:05:53,148 [MainThread  ] [INFO ]  Writer: closed
2022-11-21 15:05:53,150 [MainThread  ] [INFO ]  Wrote [{'measurement': 1, 'tags': {'project_name': 'a', 'commit_id': 'ad25c1577ba9021956c9e6857f52379c7de442a1', 'commit_title': 'init', 'created_at': '2022-11-10T01:29:39.000Z', 'author_email': 'caolv@biplus.com.vn'}, 'time': 1669017953, 'fields': {'commit_id': 'ad25c157'}}] to bucket gitlab
2022-11-21 15:05:53,301 [MainThread  ] [INFO ]  Writer: flushing data...
2022-11-21 15:05:53,302 [MainThread  ] [INFO ]  Writer: closed
2022-11-21 15:05:53,304 [MainThread  ] [INFO ]  Wrote [{'measurement': 1, 'tags': {'project_name': 'a', 'commit_id': '0fab7cbbe9ae573fef27b0a5e34d3e5cdd469060', 'commit_title': 'init', 'created_at': '2022-11-09T03:48:35.000Z', 'author_email': 'caolv@biplus.com.vn'}, 'time': 1669017953, 'fields': {'commit_id': '0fab7cbb'}}] to bucket gitlab
2022-11-21 15:05:53,503 [MainThread  ] [INFO ]  Writer: flushing data...
2022-11-21 15:05:53,504 [MainThread  ] [INFO ]  Writer: closed
2022-11-21 15:05:53,505 [MainThread  ] [INFO ]  Wrote [{'measurement': 4, 'tags': {'commit_count': 1, 'storage_size': 41943, 'repository_size': 41943, 'lfs_objects_size': 0, 'job_artifacts_size': 0}, 'time': 1669017953, 'fields': {'project_id': 4}}] to bucket gitlab
2022-11-21 15:05:53,680 [MainThread  ] [INFO ]  Writer: flushing data...
2022-11-21 15:05:53,681 [MainThread  ] [INFO ]  Writer: closed
2022-11-21 15:05:53,682 [MainThread  ] [INFO ]  Wrote [{'measurement': 3, 'tags': {'commit_count': 0, 'storage_size': 0, 'repository_size': 0, 'lfs_objects_size': 0, 'job_artifacts_size': 0}, 'time': 1669017953, 'fields': {'project_id': 3}}] to bucket gitlab
2022-11-21 15:05:53,842 [MainThread  ] [INFO ]  Writer: flushing data...
2022-11-21 15:05:53,844 [MainThread  ] [INFO ]  Writer: closed
2022-11-21 15:05:53,845 [MainThread  ] [INFO ]  Wrote [{'measurement': 2, 'tags': {'commit_count': 2, 'storage_size': 52428, 'repository_size': 52428, 'lfs_objects_size': 0, 'job_artifacts_size': 0}, 'time': 1669017953, 'fields': {'project_id': 2}}] to bucket gitlab
2022-11-21 15:05:54,007 [MainThread  ] [INFO ]  Writer: flushing data...
2022-11-21 15:05:54,008 [MainThread  ] [INFO ]  Writer: closed
2022-11-21 15:05:54,009 [MainThread  ] [INFO ]  Wrote [{'measurement': 1, 'tags': {'commit_count': 5, 'storage_size': 220200, 'repository_size': 220200, 'lfs_objects_size': 0, 'job_artifacts_size': 0}, 'time': 1669017953, 'fields': {'project_id': 1}}] to bucket gitlab
2022-11-21 15:05:54,009 [MainThread  ] [INFO ]  Import finished in: 0:00:02.221620
